============================= test session starts =============================
platform win32 -- Python 3.11.9, pytest-9.0.2, pluggy-1.6.0 -- C:\Python311\python.exe
cachedir: .pytest_cache
rootdir: C:\open skills\Skill_Seekers
configfile: pyproject.toml
plugins: anyio-4.12.0
collecting ... collected 5 items

tests/test_content_synthesizer.py::TestSourceTextExtraction::test_extract_from_nested_lessons PASSED [ 20%]
tests/test_content_synthesizer.py::TestSourceTextExtraction::test_extract_from_flat_content PASSED [ 40%]
tests/test_content_synthesizer.py::TestSourceTextExtraction::test_extract_from_transcript PASSED [ 60%]
tests/test_content_synthesizer.py::TestSourceTextExtraction::test_extract_from_lessons_array PASSED [ 80%]
tests/test_content_synthesizer.py::TestSourceTextExtraction::test_extract_from_segmented_summary PASSED [100%]

============================== 5 passed in 0.09s ==============================
